{
  "/var/folders/99/xvddgs496t3dln2t85drt4v80000gn/T//scss-lint/tmp.scss": [
    {
      "linter": "Indentation",
      "line": 10,
      "column": 1,
      "length": 1,
      "severity": "warning",
      "reason": "Line should be indented 2 spaces, but was indented 4 spaces"
    },
    {
      "linter": "Indentation",
      "line": 11,
      "column": 1,
      "length": 1,
      "severity": "warning",
      "reason": "Line should be indented 2 spaces, but was indented 4 spaces"
    },
    {
      "linter": "VendorPrefixes",
      "line": 11,
      "column": 5,
      "length": 35,
      "severity": "warning",
      "reason": "Avoid vendor prefixes."
    },
    {
      "linter": "Indentation",
      "line": 12,
      "column": 1,
      "length": 1,
      "severity": "warning",
      "reason": "Line should be indented 2 spaces, but was indented 4 spaces"
    },
    {
      "linter": "VendorPrefixes",
      "line": 12,
      "column": 5,
      "length": 31,
      "severity": "warning",
      "reason": "Avoid vendor prefixes."
    },
    {
      "linter": "Indentation",
      "line": 13,
      "column": 1,
      "length": 1,
      "severity": "warning",
      "reason": "Line should be indented 2 spaces, but was indented 4 spaces"
    },
    {
      "linter": "Indentation",
      "line": 14,
      "column": 1,
      "length": 1,
      "severity": "warning",
      "reason": "Line should be indented 2 spaces, but was indented 4 spaces"
    },
    {
      "linter": "Indentation",
      "line": 18,
      "column": 1,
      "length": 1,
      "severity": "warning",
      "reason": "Line should be indented 2 spaces, but was indented 4 spaces"
    },
    {
      "linter": "Indentation",
      "line": 19,
      "column": 1,
      "length": 1,
      "severity": "warning",
      "reason": "Line should be indented 2 spaces, but was indented 4 spaces"
    },
    {
      "linter": "VendorPrefixes",
      "line": 19,
      "column": 5,
      "length": 35,
      "severity": "warning",
      "reason": "Avoid vendor prefixes."
    },
    {
      "linter": "Indentation",
      "line": 20,
      "column": 1,
      "length": 1,
      "severity": "warning",
      "reason": "Line should be indented 2 spaces, but was indented 4 spaces"
    },
    {
      "linter": "VendorPrefixes",
      "line": 20,
      "column": 5,
      "length": 31,
      "severity": "warning",
      "reason": "Avoid vendor prefixes."
    },
    {
      "linter": "Indentation",
      "line": 21,
      "column": 1,
      "length": 1,
      "severity": "warning",
      "reason": "Line should be indented 2 spaces, but was indented 4 spaces"
    },
    {
      "linter": "NameFormat",
      "line": 24,
      "column": 1,
      "length": 16,
      "severity": "warning",
      "reason": "Name of mixin `centerXY` should be written in all lowercase letters with hyphens instead of underscores"
    },
    {
      "linter": "Indentation",
      "line": 25,
      "column": 1,
      "length": 1,
      "severity": "warning",
      "reason": "Line should be indented 2 spaces, but was indented 4 spaces"
    },
    {
      "linter": "Indentation",
      "line": 26,
      "column": 1,
      "length": 1,
      "severity": "warning",
      "reason": "Line should be indented 2 spaces, but was indented 4 spaces"
    },
    {
      "linter": "Indentation",
      "line": 27,
      "column": 1,
      "length": 1,
      "severity": "warning",
      "reason": "Line should be indented 2 spaces, but was indented 4 spaces"
    },
    {
      "linter": "VendorPrefixes",
      "line": 27,
      "column": 5,
      "length": 40,
      "severity": "warning",
      "reason": "Avoid vendor prefixes."
    },
    {
      "linter": "Indentation",
      "line": 28,
      "column": 1,
      "length": 1,
      "severity": "warning",
      "reason": "Line should be indented 2 spaces, but was indented 4 spaces"
    },
    {
      "linter": "VendorPrefixes",
      "line": 28,
      "column": 5,
      "length": 36,
      "severity": "warning",
      "reason": "Avoid vendor prefixes."
    },
    {
      "linter": "Indentation",
      "line": 29,
      "column": 1,
      "length": 1,
      "severity": "warning",
      "reason": "Line should be indented 2 spaces, but was indented 4 spaces"
    },
    {
      "linter": "Indentation",
      "line": 33,
      "column": 1,
      "length": 1,
      "severity": "warning",
      "reason": "Line should be indented 2 spaces, but was indented 4 spaces"
    },
    {
      "linter": "VendorPrefixes",
      "line": 33,
      "column": 5,
      "length": 31,
      "severity": "warning",
      "reason": "Avoid vendor prefixes."
    },
    {
      "linter": "Indentation",
      "line": 34,
      "column": 1,
      "length": 1,
      "severity": "warning",
      "reason": "Line should be indented 2 spaces, but was indented 4 spaces"
    },
    {
      "linter": "VendorPrefixes",
      "line": 34,
      "column": 5,
      "length": 29,
      "severity": "warning",
      "reason": "Avoid vendor prefixes."
    },
    {
      "linter": "Indentation",
      "line": 35,
      "column": 1,
      "length": 1,
      "severity": "warning",
      "reason": "Line should be indented 2 spaces, but was indented 4 spaces"
    },
    {
      "linter": "Indentation",
      "line": 40,
      "column": 1,
      "length": 1,
      "severity": "warning",
      "reason": "Line should be indented 2 spaces, but was indented 4 spaces"
    },
    {
      "linter": "PropertySortOrder",
      "line": 40,
      "column": 5,
      "length": 15,
      "severity": "warning",
      "reason": "Properties should be ordered background-color, height, left, position, top, width, z-index"
    },
    {
      "linter": "Indentation",
      "line": 41,
      "column": 1,
      "length": 1,
      "severity": "warning",
      "reason": "Line should be indented 2 spaces, but was indented 4 spaces"
    },
    {
      "linter": "Indentation",
      "line": 42,
      "column": 1,
      "length": 1,
      "severity": "warning",
      "reason": "Line should be indented 2 spaces, but was indented 4 spaces"
    },
    {
      "linter": "Indentation",
      "line": 43,
      "column": 1,
      "length": 1,
      "severity": "warning",
      "reason": "Line should be indented 2 spaces, but was indented 4 spaces"
    },
    {
      "linter": "Indentation",
      "line": 44,
      "column": 1,
      "length": 1,
      "severity": "warning",
      "reason": "Line should be indented 2 spaces, but was indented 4 spaces"
    },
    {
      "linter": "Indentation",
      "line": 46,
      "column": 1,
      "length": 1,
      "severity": "warning",
      "reason": "Line should be indented 2 spaces, but was indented 4 spaces"
    },
    {
      "linter": "SpaceAfterComma",
      "line": 46,
      "column": 28,
      "length": 1,
      "severity": "warning",
      "reason": "Commas in function arguments should be followed by a single space"
    },
    {
      "linter": "SpaceAfterComma",
      "line": 46,
      "column": 30,
      "length": 1,
      "severity": "warning",
      "reason": "Commas in function arguments should be followed by a single space"
    },
    {
      "linter": "SpaceAfterComma",
      "line": 46,
      "column": 32,
      "length": 1,
      "severity": "warning",
      "reason": "Commas in function arguments should be followed by a single space"
    },
    {
      "linter": "LeadingZero",
      "line": 46,
      "column": 34,
      "length": 3,
      "severity": "warning",
      "reason": "`0.9` should be written without a leading zero as `.9`"
    },
    {
      "linter": "Indentation",
      "line": 48,
      "column": 1,
      "length": 1,
      "severity": "warning",
      "reason": "Line should be indented 2 spaces, but was indented 4 spaces"
    },
    {
      "linter": "Indentation",
      "line": 52,
      "column": 1,
      "length": 1,
      "severity": "warning",
      "reason": "Line should be indented 2 spaces, but was indented 4 spaces"
    },
    {
      "linter": "PropertySortOrder",
      "line": 52,
      "column": 5,
      "length": 11,
      "severity": "warning",
      "reason": "Properties should be ordered height, width"
    },
    {
      "linter": "Indentation",
      "line": 53,
      "column": 1,
      "length": 1,
      "severity": "warning",
      "reason": "Line should be indented 2 spaces, but was indented 4 spaces"
    },
    {
      "linter": "Indentation",
      "line": 55,
      "column": 1,
      "length": 1,
      "severity": "warning",
      "reason": "Line should be indented 2 spaces, but was indented 4 spaces"
    },
    {
      "linter": "DeclarationOrder",
      "line": 56,
      "column": 9,
      "length": 12,
      "severity": "warning",
      "reason": "Rule sets should be ordered as follows: @extends, @includes without @content, properties, @includes with @content, nested rule sets"
    },
    {
      "linter": "UnnecessaryMantissa",
      "line": 56,
      "column": 18,
      "length": 3,
      "severity": "warning",
      "reason": "`1.0` should be written without the mantissa as `1`"
    },
    {
      "linter": "LeadingZero",
      "line": 57,
      "column": 37,
      "length": 4,
      "severity": "warning",
      "reason": "`0.2` should be written without a leading zero as `.2`"
    },
    {
      "linter": "Indentation",
      "line": 60,
      "column": 1,
      "length": 1,
      "severity": "warning",
      "reason": "Line should be indented 2 spaces, but was indented 4 spaces"
    },
    {
      "linter": "LeadingZero",
      "line": 64,
      "column": 22,
      "length": 3,
      "severity": "warning",
      "reason": "`0.0` should be written without a leading zero as `.0`"
    },
    {
      "linter": "UnnecessaryMantissa",
      "line": 64,
      "column": 22,
      "length": 3,
      "severity": "warning",
      "reason": "`0.0` should be written without the mantissa as `0`"
    },
    {
      "linter": "Indentation",
      "line": 70,
      "column": 1,
      "length": 1,
      "severity": "warning",
      "reason": "Line should be indented 2 spaces, but was indented 4 spaces"
    },
    {
      "linter": "PropertySortOrder",
      "line": 70,
      "column": 5,
      "length": 18,
      "severity": "warning",
      "reason": "Properties should be ordered bottom, left, overflow, position, right, top"
    },
    {
      "linter": "Indentation",
      "line": 71,
      "column": 1,
      "length": 1,
      "severity": "warning",
      "reason": "Line should be indented 2 spaces, but was indented 4 spaces"
    },
    {
      "linter": "Indentation",
      "line": 72,
      "column": 1,
      "length": 1,
      "severity": "warning",
      "reason": "Line should be indented 2 spaces, but was indented 4 spaces"
    },
    {
      "linter": "Indentation",
      "line": 73,
      "column": 1,
      "length": 1,
      "severity": "warning",
      "reason": "Line should be indented 2 spaces, but was indented 4 spaces"
    },
    {
      "linter": "Indentation",
      "line": 74,
      "column": 1,
      "length": 1,
      "severity": "warning",
      "reason": "Line should be indented 2 spaces, but was indented 4 spaces"
    },
    {
      "linter": "Indentation",
      "line": 75,
      "column": 1,
      "length": 1,
      "severity": "warning",
      "reason": "Line should be indented 2 spaces, but was indented 4 spaces"
    },
    {
      "linter": "Indentation",
      "line": 80,
      "column": 1,
      "length": 1,
      "severity": "warning",
      "reason": "Line should be indented 2 spaces, but was indented 4 spaces"
    },
    {
      "linter": "DeclarationOrder",
      "line": 80,
      "column": 5,
      "length": 12,
      "severity": "warning",
      "reason": "Rule sets should be ordered as follows: @extends, @includes without @content, properties, @includes with @content, nested rule sets"
    },
    {
      "linter": "Indentation",
      "line": 81,
      "column": 1,
      "length": 1,
      "severity": "warning",
      "reason": "Line should be indented 2 spaces, but was indented 4 spaces"
    },
    {
      "linter": "PropertySortOrder",
      "line": 81,
      "column": 5,
      "length": 19,
      "severity": "warning",
      "reason": "Properties should be ordered height, position, white-space"
    },
    {
      "linter": "Indentation",
      "line": 82,
      "column": 1,
      "length": 1,
      "severity": "warning",
      "reason": "Line should be indented 2 spaces, but was indented 4 spaces"
    },
    {
      "linter": "Indentation",
      "line": 83,
      "column": 1,
      "length": 1,
      "severity": "warning",
      "reason": "Line should be indented 2 spaces, but was indented 4 spaces"
    },
    {
      "linter": "LeadingZero",
      "line": 83,
      "column": 35,
      "length": 4,
      "severity": "warning",
      "reason": "`0.2` should be written without a leading zero as `.2`"
    },
    {
      "linter": "Indentation",
      "line": 85,
      "column": 1,
      "length": 1,
      "severity": "warning",
      "reason": "Line should be indented 2 spaces, but was indented 4 spaces"
    },
    {
      "linter": "QualifyingElement",
      "line": 85,
      "column": 1,
      "length": 1,
      "severity": "warning",
      "reason": "Avoid qualifying class selectors with an element."
    },
    {
      "linter": "PropertySortOrder",
      "line": 86,
      "column": 9,
      "length": 11,
      "severity": "warning",
      "reason": "Properties should be ordered display, height, position, text-align, width"
    },
    {
      "linter": "DeclarationOrder",
      "line": 93,
      "column": 13,
      "length": 16,
      "severity": "warning",
      "reason": "Rule sets should be ordered as follows: @extends, @includes without @content, properties, @includes with @content, nested rule sets"
    },
    {
      "linter": "PropertySortOrder",
      "line": 93,
      "column": 13,
      "length": 16,
      "severity": "warning",
      "reason": "Properties should be ordered display, max-height, max-width, position"
    },
    {
      "linter": "NameFormat",
      "line": 96,
      "column": 13,
      "length": 17,
      "severity": "warning",
      "reason": "Name of mixin `centerXY` should be written in all lowercase letters with hyphens instead of underscores"
    },
    {
      "linter": "Indentation",
      "line": 103,
      "column": 1,
      "length": 1,
      "severity": "warning",
      "reason": "Line should be indented 2 spaces, but was indented 4 spaces"
    },
    {
      "linter": "DeclarationOrder",
      "line": 103,
      "column": 5,
      "length": 28,
      "severity": "warning",
      "reason": "Rule sets should be ordered as follows: @extends, @includes without @content, properties, @includes with @content, nested rule sets"
    },
    {
      "linter": "PropertySortOrder",
      "line": 103,
      "column": 5,
      "length": 28,
      "severity": "warning",
      "reason": "Properties should be ordered background-color, box-sizing, color, height, left, opacity, padding, position, top, width"
    },
    {
      "linter": "SpaceAfterComma",
      "line": 103,
      "column": 17,
      "length": 3,
      "severity": "warning",
      "reason": "Commas in function arguments should be followed by a single space"
    },
    {
      "linter": "SpaceAfterComma",
      "line": 103,
      "column": 21,
      "length": 3,
      "severity": "warning",
      "reason": "Commas in function arguments should be followed by a single space"
    },
    {
      "linter": "SpaceAfterComma",
      "line": 103,
      "column": 25,
      "length": 3,
      "severity": "warning",
      "reason": "Commas in function arguments should be followed by a single space"
    },
    {
      "linter": "LeadingZero",
      "line": 103,
      "column": 29,
      "length": 3,
      "severity": "warning",
      "reason": "`0.3` should be written without a leading zero as `.3`"
    },
    {
      "linter": "Indentation",
      "line": 104,
      "column": 1,
      "length": 1,
      "severity": "warning",
      "reason": "Line should be indented 2 spaces, but was indented 4 spaces"
    },
    {
      "linter": "SpaceAfterComma",
      "line": 104,
      "column": 28,
      "length": 1,
      "severity": "warning",
      "reason": "Commas in function arguments should be followed by a single space"
    },
    {
      "linter": "SpaceAfterComma",
      "line": 104,
      "column": 30,
      "length": 1,
      "severity": "warning",
      "reason": "Commas in function arguments should be followed by a single space"
    },
    {
      "linter": "SpaceAfterComma",
      "line": 104,
      "column": 32,
      "length": 1,
      "severity": "warning",
      "reason": "Commas in function arguments should be followed by a single space"
    },
    {
      "linter": "LeadingZero",
      "line": 104,
      "column": 34,
      "length": 3,
      "severity": "warning",
      "reason": "`0.2` should be written without a leading zero as `.2`"
    },
    {
      "linter": "Indentation",
      "line": 105,
      "column": 1,
      "length": 1,
      "severity": "warning",
      "reason": "Line should be indented 2 spaces, but was indented 4 spaces"
    },
    {
      "linter": "Indentation",
      "line": 106,
      "column": 1,
      "length": 1,
      "severity": "warning",
      "reason": "Line should be indented 2 spaces, but was indented 4 spaces"
    },
    {
      "linter": "Indentation",
      "line": 108,
      "column": 1,
      "length": 1,
      "severity": "warning",
      "reason": "Line should be indented 2 spaces, but was indented 4 spaces"
    },
    {
      "linter": "Indentation",
      "line": 109,
      "column": 1,
      "length": 1,
      "severity": "warning",
      "reason": "Line should be indented 2 spaces, but was indented 4 spaces"
    },
    {
      "linter": "Indentation",
      "line": 110,
      "column": 1,
      "length": 1,
      "severity": "warning",
      "reason": "Line should be indented 2 spaces, but was indented 4 spaces"
    },
    {
      "linter": "Indentation",
      "line": 111,
      "column": 1,
      "length": 1,
      "severity": "warning",
      "reason": "Line should be indented 2 spaces, but was indented 4 spaces"
    },
    {
      "linter": "Indentation",
      "line": 113,
      "column": 1,
      "length": 1,
      "severity": "warning",
      "reason": "Line should be indented 2 spaces, but was indented 4 spaces"
    },
    {
      "linter": "Indentation",
      "line": 115,
      "column": 1,
      "length": 1,
      "severity": "warning",
      "reason": "Line should be indented 2 spaces, but was indented 4 spaces"
    },
    {
      "linter": "LeadingZero",
      "line": 115,
      "column": 14,
      "length": 3,
      "severity": "warning",
      "reason": "`0.5` should be written without a leading zero as `.5`"
    },
    {
      "linter": "Indentation",
      "line": 117,
      "column": 1,
      "length": 1,
      "severity": "warning",
      "reason": "Line should be indented 2 spaces, but was indented 4 spaces"
    },
    {
      "linter": "LeadingZero",
      "line": 118,
      "column": 18,
      "length": 4,
      "severity": "warning",
      "reason": "`0.75` should be written without a leading zero as `.75`"
    },
    {
      "linter": "Indentation",
      "line": 121,
      "column": 1,
      "length": 1,
      "severity": "warning",
      "reason": "Line should be indented 2 spaces, but was indented 4 spaces"
    },
    {
      "linter": "LeadingZero",
      "line": 121,
      "column": 33,
      "length": 4,
      "severity": "warning",
      "reason": "`0.2` should be written without a leading zero as `.2`"
    },
    {
      "linter": "Indentation",
      "line": 123,
      "column": 1,
      "length": 1,
      "severity": "warning",
      "reason": "Line should be indented 2 spaces, but was indented 4 spaces"
    },
    {
      "linter": "PropertySortOrder",
      "line": 124,
      "column": 9,
      "length": 12,
      "severity": "warning",
      "reason": "Properties should be ordered color, cursor, float, font-size, height"
    },
    {
      "linter": "SpaceAfterComma",
      "line": 128,
      "column": 21,
      "length": 3,
      "severity": "warning",
      "reason": "Commas in function arguments should be followed by a single space"
    },
    {
      "linter": "SpaceAfterComma",
      "line": 128,
      "column": 25,
      "length": 3,
      "severity": "warning",
      "reason": "Commas in function arguments should be followed by a single space"
    },
    {
      "linter": "SpaceAfterComma",
      "line": 128,
      "column": 29,
      "length": 3,
      "severity": "warning",
      "reason": "Commas in function arguments should be followed by a single space"
    },
    {
      "linter": "LeadingZero",
      "line": 128,
      "column": 33,
      "length": 3,
      "severity": "warning",
      "reason": "`0.3` should be written without a leading zero as `.3`"
    },
    {
      "linter": "Indentation",
      "line": 137,
      "column": 1,
      "length": 1,
      "severity": "warning",
      "reason": "Line should be indented 2 spaces, but was indented 4 spaces"
    },
    {
      "linter": "PropertySortOrder",
      "line": 137,
      "column": 5,
      "length": 18,
      "severity": "warning",
      "reason": "Properties should be ordered bottom, height, left, position, right"
    },
    {
      "linter": "Indentation",
      "line": 138,
      "column": 1,
      "length": 1,
      "severity": "warning",
      "reason": "Line should be indented 2 spaces, but was indented 4 spaces"
    },
    {
      "linter": "Indentation",
      "line": 139,
      "column": 1,
      "length": 1,
      "severity": "warning",
      "reason": "Line should be indented 2 spaces, but was indented 4 spaces"
    },
    {
      "linter": "Indentation",
      "line": 140,
      "column": 1,
      "length": 1,
      "severity": "warning",
      "reason": "Line should be indented 2 spaces, but was indented 4 spaces"
    },
    {
      "linter": "Indentation",
      "line": 141,
      "column": 1,
      "length": 1,
      "severity": "warning",
      "reason": "Line should be indented 2 spaces, but was indented 4 spaces"
    },
    {
      "linter": "Indentation",
      "line": 143,
      "column": 1,
      "length": 1,
      "severity": "warning",
      "reason": "Line should be indented 2 spaces, but was indented 4 spaces"
    },
    {
      "linter": "PropertySortOrder",
      "line": 144,
      "column": 9,
      "length": 18,
      "severity": "warning",
      "reason": "Properties should be ordered background-color, height, position, transform, width"
    },
    {
      "linter": "DeclarationOrder",
      "line": 144,
      "column": 9,
      "length": 18,
      "severity": "warning",
      "reason": "Rule sets should be ordered as follows: @extends, @includes without @content, properties, @includes with @content, nested rule sets"
    },
    {
      "linter": "SpaceAfterComma",
      "line": 148,
      "column": 32,
      "length": 1,
      "severity": "warning",
      "reason": "Commas in function arguments should be followed by a single space"
    },
    {
      "linter": "SpaceAfterComma",
      "line": 148,
      "column": 34,
      "length": 1,
      "severity": "warning",
      "reason": "Commas in function arguments should be followed by a single space"
    },
    {
      "linter": "SpaceAfterComma",
      "line": 148,
      "column": 36,
      "length": 1,
      "severity": "warning",
      "reason": "Commas in function arguments should be followed by a single space"
    },
    {
      "linter": "LeadingZero",
      "line": 148,
      "column": 38,
      "length": 3,
      "severity": "warning",
      "reason": "`0.5` should be written without a leading zero as `.5`"
    },
    {
      "linter": "LeadingZero",
      "line": 149,
      "column": 39,
      "length": 4,
      "severity": "warning",
      "reason": "`0.2` should be written without a leading zero as `.2`"
    },
    {
      "linter": "Indentation",
      "line": 152,
      "column": 1,
      "length": 1,
      "severity": "warning",
      "reason": "Line should be indented 2 spaces, but was indented 4 spaces"
    },
    {
      "linter": "Indentation",
      "line": 158,
      "column": 1,
      "length": 1,
      "severity": "warning",
      "reason": "Line should be indented 2 spaces, but was indented 4 spaces"
    },
    {
      "linter": "DeclarationOrder",
      "line": 159,
      "column": 9,
      "length": 31,
      "severity": "warning",
      "reason": "Rule sets should be ordered as follows: @extends, @includes without @content, properties, @includes with @content, nested rule sets"
    },
    {
      "linter": "PropertySortOrder",
      "line": 160,
      "column": 9,
      "length": 18,
      "severity": "warning",
      "reason": "Properties should be ordered height, margin, overflow-x, text-align, white-space, width"
    },
    {
      "linter": "ZeroUnit",
      "line": 164,
      "column": 17,
      "length": 8,
      "severity": "warning",
      "reason": "`0px` should be written without units as `0`"
    },
    {
      "linter": "LeadingZero",
      "line": 166,
      "column": 39,
      "length": 4,
      "severity": "warning",
      "reason": "`0.2` should be written without a leading zero as `.2`"
    },
    {
      "linter": "DeclarationOrder",
      "line": 169,
      "column": 13,
      "length": 21,
      "severity": "warning",
      "reason": "Rule sets should be ordered as follows: @extends, @includes without @content, properties, @includes with @content, nested rule sets"
    },
    {
      "linter": "PropertySortOrder",
      "line": 169,
      "column": 13,
      "length": 21,
      "severity": "warning",
      "reason": "Properties should be ordered color, display, margin, text-align, width"
    },
    {
      "linter": "ZeroUnit",
      "line": 170,
      "column": 21,
      "length": 7,
      "severity": "warning",
      "reason": "`0px` should be written without units as `0`"
    },
    {
      "linter": "ZeroUnit",
      "line": 170,
      "column": 21,
      "length": 7,
      "severity": "warning",
      "reason": "`0px` should be written without units as `0`"
    },
    {
      "linter": "Shorthand",
      "line": 170,
      "column": 21,
      "length": 7,
      "severity": "warning",
      "reason": "Shorthand form for property `margin` should be written more concisely as `0px` instead of `0px 0px`"
    },
    {
      "linter": "SpaceAfterComma",
      "line": 172,
      "column": 25,
      "length": 3,
      "severity": "warning",
      "reason": "Commas in function arguments should be followed by a single space"
    },
    {
      "linter": "SpaceAfterComma",
      "line": 172,
      "column": 29,
      "length": 3,
      "severity": "warning",
      "reason": "Commas in function arguments should be followed by a single space"
    },
    {
      "linter": "SpaceAfterComma",
      "line": 172,
      "column": 33,
      "length": 3,
      "severity": "warning",
      "reason": "Commas in function arguments should be followed by a single space"
    },
    {
      "linter": "LeadingZero",
      "line": 172,
      "column": 37,
      "length": 3,
      "severity": "warning",
      "reason": "`0.2` should be written without a leading zero as `.2`"
    },
    {
      "linter": "SelectorDepth",
      "line": 176,
      "column": 1,
      "length": 1,
      "severity": "warning",
      "reason": "Selector should have depth of applicability no greater than 3, but was 4"
    },
    {
      "linter": "NestingDepth",
      "line": 176,
      "column": 13,
      "length": 2,
      "severity": "warning",
      "reason": "Nesting should be no greater than 3, but was 4"
    },
    {
      "linter": "NestingDepth",
      "line": 180,
      "column": 13,
      "length": 13,
      "severity": "warning",
      "reason": "Nesting should be no greater than 3, but was 4"
    },
    {
      "linter": "SpaceAfterComma",
      "line": 181,
      "column": 29,
      "length": 3,
      "severity": "warning",
      "reason": "Commas in function arguments should be followed by a single space"
    },
    {
      "linter": "SpaceAfterComma",
      "line": 181,
      "column": 33,
      "length": 3,
      "severity": "warning",
      "reason": "Commas in function arguments should be followed by a single space"
    },
    {
      "linter": "SpaceAfterComma",
      "line": 181,
      "column": 37,
      "length": 3,
      "severity": "warning",
      "reason": "Commas in function arguments should be followed by a single space"
    },
    {
      "linter": "LeadingZero",
      "line": 181,
      "column": 41,
      "length": 3,
      "severity": "warning",
      "reason": "`0.5` should be written without a leading zero as `.5`"
    },
    {
      "linter": "Indentation",
      "line": 186,
      "column": 1,
      "length": 1,
      "severity": "warning",
      "reason": "Line should be indented 2 spaces, but was indented 4 spaces"
    },
    {
      "linter": "DeclarationOrder",
      "line": 187,
      "column": 9,
      "length": 18,
      "severity": "warning",
      "reason": "Rule sets should be ordered as follows: @extends, @includes without @content, properties, @includes with @content, nested rule sets"
    },
    {
      "linter": "PropertySortOrder",
      "line": 187,
      "column": 9,
      "length": 18,
      "severity": "warning",
      "reason": "Properties should be ordered display, left, overflow-x, position, text-align, white-space, width"
    },
    {
      "linter": "LeadingZero",
      "line": 194,
      "column": 39,
      "length": 4,
      "severity": "warning",
      "reason": "`0.2` should be written without a leading zero as `.2`"
    },
    {
      "linter": "PropertySortOrder",
      "line": 197,
      "column": 13,
      "length": 21,
      "severity": "warning",
      "reason": "Properties should be ordered background-position, background-repeat, background-size, box-sizing, cursor, display, height, margin, opacity, width"
    },
    {
      "linter": "ZeroUnit",
      "line": 203,
      "column": 21,
      "length": 7,
      "severity": "warning",
      "reason": "`0px` should be written without units as `0`"
    },
    {
      "linter": "LeadingZero",
      "line": 208,
      "column": 22,
      "length": 3,
      "severity": "warning",
      "reason": "`0.5` should be written without a leading zero as `.5`"
    },
    {
      "linter": "NestingDepth",
      "line": 211,
      "column": 13,
      "length": 13,
      "severity": "warning",
      "reason": "Nesting should be no greater than 3, but was 4"
    },
    {
      "linter": "ZeroUnit",
      "line": 212,
      "column": 29,
      "length": 3,
      "severity": "warning",
      "reason": "`0px` should be written without units as `0`"
    },
    {
      "linter": "ZeroUnit",
      "line": 212,
      "column": 33,
      "length": 3,
      "severity": "warning",
      "reason": "`0px` should be written without units as `0`"
    },
    {
      "linter": "ZeroUnit",
      "line": 212,
      "column": 37,
      "length": 3,
      "severity": "warning",
      "reason": "`0px` should be written without units as `0`"
    },
    {
      "linter": "LeadingZero",
      "line": 212,
      "column": 65,
      "length": 3,
      "severity": "warning",
      "reason": "`0.5` should be written without a leading zero as `.5`"
    },
    {
      "linter": "NestingDepth",
      "line": 215,
      "column": 13,
      "length": 8,
      "severity": "warning",
      "reason": "Nesting should be no greater than 3, but was 4"
    },
    {
      "linter": "LeadingZero",
      "line": 216,
      "column": 26,
      "length": 4,
      "severity": "warning",
      "reason": "`0.75` should be written without a leading zero as `.75`"
    },
    {
      "linter": "Indentation",
      "line": 223,
      "column": 1,
      "length": 1,
      "severity": "warning",
      "reason": "Line should be indented 2 spaces, but was indented 4 spaces"
    },
    {
      "linter": "Indentation",
      "line": 227,
      "column": 1,
      "length": 1,
      "severity": "warning",
      "reason": "Line should be indented 2 spaces, but was indented 4 spaces"
    },
    {
      "linter": "SingleLinePerSelector",
      "line": 230,
      "column": 1,
      "length": 1,
      "severity": "warning",
      "reason": "Each selector in a comma sequence should be on its own line"
    },
    {
      "linter": "Indentation",
      "line": 232,
      "column": 1,
      "length": 1,
      "severity": "warning",
      "reason": "Line should be indented 2 spaces, but was indented 4 spaces"
    },
    {
      "linter": "PropertySortOrder",
      "line": 232,
      "column": 5,
      "length": 11,
      "severity": "warning",
      "reason": "Properties should be ordered background-color, color, cursor, height, opacity, position, width"
    },
    {
      "linter": "DeclarationOrder",
      "line": 232,
      "column": 5,
      "length": 11,
      "severity": "warning",
      "reason": "Rule sets should be ordered as follows: @extends, @includes without @content, properties, @includes with @content, nested rule sets"
    },
    {
      "linter": "Indentation",
      "line": 233,
      "column": 1,
      "length": 1,
      "severity": "warning",
      "reason": "Line should be indented 2 spaces, but was indented 4 spaces"
    },
    {
      "linter": "Indentation",
      "line": 234,
      "column": 1,
      "length": 1,
      "severity": "warning",
      "reason": "Line should be indented 2 spaces, but was indented 4 spaces"
    },
    {
      "linter": "SpaceAfterComma",
      "line": 234,
      "column": 28,
      "length": 1,
      "severity": "warning",
      "reason": "Commas in function arguments should be followed by a single space"
    },
    {
      "linter": "SpaceAfterComma",
      "line": 234,
      "column": 30,
      "length": 1,
      "severity": "warning",
      "reason": "Commas in function arguments should be followed by a single space"
    },
    {
      "linter": "SpaceAfterComma",
      "line": 234,
      "column": 32,
      "length": 1,
      "severity": "warning",
      "reason": "Commas in function arguments should be followed by a single space"
    },
    {
      "linter": "LeadingZero",
      "line": 234,
      "column": 34,
      "length": 3,
      "severity": "warning",
      "reason": "`0.2` should be written without a leading zero as `.2`"
    },
    {
      "linter": "Indentation",
      "line": 235,
      "column": 1,
      "length": 1,
      "severity": "warning",
      "reason": "Line should be indented 2 spaces, but was indented 4 spaces"
    },
    {
      "linter": "SpaceAfterComma",
      "line": 235,
      "column": 17,
      "length": 3,
      "severity": "warning",
      "reason": "Commas in function arguments should be followed by a single space"
    },
    {
      "linter": "SpaceAfterComma",
      "line": 235,
      "column": 21,
      "length": 3,
      "severity": "warning",
      "reason": "Commas in function arguments should be followed by a single space"
    },
    {
      "linter": "LeadingZero",
      "line": 235,
      "column": 30,
      "length": 3,
      "severity": "warning",
      "reason": "`0.3` should be written without a leading zero as `.3`"
    },
    {
      "linter": "Indentation",
      "line": 236,
      "column": 1,
      "length": 1,
      "severity": "warning",
      "reason": "Line should be indented 2 spaces, but was indented 4 spaces"
    },
    {
      "linter": "LeadingZero",
      "line": 236,
      "column": 14,
      "length": 3,
      "severity": "warning",
      "reason": "`0.5` should be written without a leading zero as `.5`"
    },
    {
      "linter": "Indentation",
      "line": 237,
      "column": 1,
      "length": 1,
      "severity": "warning",
      "reason": "Line should be indented 2 spaces, but was indented 4 spaces"
    },
    {
      "linter": "Indentation",
      "line": 239,
      "column": 1,
      "length": 1,
      "severity": "warning",
      "reason": "Line should be indented 2 spaces, but was indented 4 spaces"
    },
    {
      "linter": "Indentation",
      "line": 240,
      "column": 1,
      "length": 1,
      "severity": "warning",
      "reason": "Line should be indented 2 spaces, but was indented 4 spaces"
    },
    {
      "linter": "Indentation",
      "line": 242,
      "column": 1,
      "length": 1,
      "severity": "warning",
      "reason": "Line should be indented 2 spaces, but was indented 4 spaces"
    },
    {
      "linter": "DeclarationOrder",
      "line": 243,
      "column": 9,
      "length": 16,
      "severity": "warning",
      "reason": "Rule sets should be ordered as follows: @extends, @includes without @content, properties, @includes with @content, nested rule sets"
    },
    {
      "linter": "NameFormat",
      "line": 245,
      "column": 9,
      "length": 17,
      "severity": "warning",
      "reason": "Name of mixin `centerXY` should be written in all lowercase letters with hyphens instead of underscores"
    },
    {
      "linter": "Comment",
      "line": 247,
      "column": 1,
      "length": 1,
      "severity": "warning",
      "reason": "Use `//` comments everywhere"
    },
    {
      "linter": "Indentation",
      "line": 252,
      "column": 1,
      "length": 1,
      "severity": "warning",
      "reason": "Line should be indented 2 spaces, but was indented 4 spaces"
    },
    {
      "linter": "LeadingZero",
      "line": 253,
      "column": 18,
      "length": 4,
      "severity": "warning",
      "reason": "`0.75` should be written without a leading zero as `.75`"
    },
    {
      "linter": "Indentation",
      "line": 256,
      "column": 1,
      "length": 1,
      "severity": "warning",
      "reason": "Line should be indented 2 spaces, but was indented 4 spaces"
    },
    {
      "linter": "LeadingZero",
      "line": 256,
      "column": 33,
      "length": 4,
      "severity": "warning",
      "reason": "`0.2` should be written without a leading zero as `.2`"
    }
  ]
}